  nxjson.c
c:\users\chris\documents\arduino\mistmakersdemo\__vm\.mistmakersdemo.vsarduino.h(13): warning C4005: '__AVR_ATmega328p__': macro redefinition
  c:\users\chris\documents\arduino\mistmakersdemo\__vm\.mistmakersdemo.vsarduino.h(13): note: command-line arguments:  see previous definition of '__AVR_ATmega328p__'
c:\users\chris\documents\arduino\mistmakersdemo\__vm\.mistmakersdemo.vsarduino.h(14): warning C4005: '__AVR_ATmega328P__': macro redefinition
  c:\users\chris\documents\arduino\mistmakersdemo\__vm\.mistmakersdemo.vsarduino.h(14): note: command-line arguments:  see previous definition of '__AVR_ATmega328P__'
c:\users\chris\documents\arduino\mistmakersdemo\__vm\.mistmakersdemo.vsarduino.h(18): warning C4005: 'ARDUINO_AVR_UNO': macro redefinition
  c:\users\chris\documents\arduino\mistmakersdemo\__vm\.mistmakersdemo.vsarduino.h(18): note: command-line arguments:  see previous definition of 'ARDUINO_AVR_UNO'
c:\users\chris\documents\arduino\mistmakersdemo\__vm\.mistmakersdemo.vsarduino.h(19): warning C4005: 'ARDUINO_ARCH_AVR': macro redefinition
  c:\users\chris\documents\arduino\mistmakersdemo\__vm\.mistmakersdemo.vsarduino.h(19): note: command-line arguments:  see previous definition of 'ARDUINO_ARCH_AVR'
c:\program files (x86)\microsoft visual studio 14.0\vc\include\sal.h(2361): error C2059: syntax error: 'string'
c:\program files (x86)\microsoft visual studio 14.0\vc\include\concurrencysal.h(22): error C2059: syntax error: 'string'
c:\program files (x86)\microsoft visual studio 14.0\vc\include\vadefs.h(18): error C2059: syntax error: 'string'
c:\program files (x86)\microsoft visual studio 14.0\vc\include\vadefs.h(122): error C2059: syntax error: 'string'
c:\program files (x86)\microsoft visual studio 14.0\vc\include\vcruntime.h(81): error C2059: syntax error: 'string'
c:\program files (x86)\windows kits\10\include\10.0.10240.0\ucrt\corecrt.h(12): error C2059: syntax error: 'string'
c:\program files (x86)\windows kits\10\include\10.0.10240.0\ucrt\stddef.h(13): error C2059: syntax error: 'string'
c:\program files (x86)\arduino\hardware\tools\avr\avr\include\stdlib.h(56): error C2059: syntax error: 'string'
c:\program files (x86)\arduino\hardware\tools\avr\avr\include\string.h(58): error C2059: syntax error: 'string'
c:\program files (x86)\arduino\hardware\tools\avr\avr\include\math.h(121): error C2059: syntax error: 'string'
c:\program files (x86)\arduino\hardware\tools\avr\avr\include\math.h(365): warning C4002: too many actual parameters for macro '__asm__'
c:\program files (x86)\arduino\hardware\tools\avr\avr\include\avr\pgmspace.h(116): error C2059: syntax error: 'string'
c:\program files (x86)\arduino\hardware\arduino\avr\cores\arduino\arduino.h(35): error C2059: syntax error: 'string'
c:\program files (x86)\arduino\hardware\tools\avr\avr\include\ctype.h(48): error C2059: syntax error: 'string'
c:\program files (x86)\arduino\hardware\arduino\avr\cores\arduino\wcharacter.h(26): error C2061: syntax error: identifier 'isAlphaNumeric'
c:\program files (x86)\arduino\hardware\arduino\avr\cores\arduino\wcharacter.h(26): error C2059: syntax error: ';'
c:\program files (x86)\arduino\hardware\arduino\avr\cores\arduino\wcharacter.h(26): error C2059: syntax error: '<parameter-list>'
c:\program files (x86)\arduino\hardware\arduino\avr\cores\arduino\wcharacter.h(27): error C2061: syntax error: identifier 'isAlpha'
c:\program files (x86)\arduino\hardware\arduino\avr\cores\arduino\wcharacter.h(27): error C2059: syntax error: ';'
c:\program files (x86)\arduino\hardware\arduino\avr\cores\arduino\wcharacter.h(27): error C2059: syntax error: '<parameter-list>'
c:\program files (x86)\arduino\hardware\arduino\avr\cores\arduino\wcharacter.h(28): error C2061: syntax error: identifier 'isAscii'
c:\program files (x86)\arduino\hardware\arduino\avr\cores\arduino\wcharacter.h(28): error C2059: syntax error: ';'
c:\program files (x86)\arduino\hardware\arduino\avr\cores\arduino\wcharacter.h(28): error C2059: syntax error: '<parameter-list>'
c:\program files (x86)\arduino\hardware\arduino\avr\cores\arduino\wcharacter.h(29): error C2061: syntax error: identifier 'isWhitespace'
c:\program files (x86)\arduino\hardware\arduino\avr\cores\arduino\wcharacter.h(29): error C2059: syntax error: ';'
c:\program files (x86)\arduino\hardware\arduino\avr\cores\arduino\wcharacter.h(29): error C2059: syntax error: '<parameter-list>'
c:\program files (x86)\arduino\hardware\arduino\avr\cores\arduino\wcharacter.h(30): error C2061: syntax error: identifier 'isControl'
c:\program files (x86)\arduino\hardware\arduino\avr\cores\arduino\wcharacter.h(30): error C2059: syntax error: ';'
c:\program files (x86)\arduino\hardware\arduino\avr\cores\arduino\wcharacter.h(30): error C2059: syntax error: '<parameter-list>'
c:\program files (x86)\arduino\hardware\arduino\avr\cores\arduino\wcharacter.h(31): error C2061: syntax error: identifier 'isDigit'
c:\program files (x86)\arduino\hardware\arduino\avr\cores\arduino\wcharacter.h(31): error C2059: syntax error: ';'
c:\program files (x86)\arduino\hardware\arduino\avr\cores\arduino\wcharacter.h(31): error C2059: syntax error: '<parameter-list>'
c:\program files (x86)\arduino\hardware\arduino\avr\cores\arduino\wcharacter.h(32): error C2061: syntax error: identifier 'isGraph'
c:\program files (x86)\arduino\hardware\arduino\avr\cores\arduino\wcharacter.h(32): error C2059: syntax error: ';'
c:\program files (x86)\arduino\hardware\arduino\avr\cores\arduino\wcharacter.h(32): error C2059: syntax error: '<parameter-list>'
c:\program files (x86)\arduino\hardware\arduino\avr\cores\arduino\wcharacter.h(33): error C2061: syntax error: identifier 'isLowerCase'
c:\program files (x86)\arduino\hardware\arduino\avr\cores\arduino\wcharacter.h(33): error C2059: syntax error: ';'
c:\program files (x86)\arduino\hardware\arduino\avr\cores\arduino\wcharacter.h(33): error C2059: syntax error: '<parameter-list>'
c:\program files (x86)\arduino\hardware\arduino\avr\cores\arduino\wcharacter.h(34): error C2061: syntax error: identifier 'isPrintable'
c:\program files (x86)\arduino\hardware\arduino\avr\cores\arduino\wcharacter.h(34): error C2059: syntax error: ';'
c:\program files (x86)\arduino\hardware\arduino\avr\cores\arduino\wcharacter.h(34): error C2059: syntax error: '<parameter-list>'
c:\program files (x86)\arduino\hardware\arduino\avr\cores\arduino\wcharacter.h(35): error C2061: syntax error: identifier 'isPunct'
c:\program files (x86)\arduino\hardware\arduino\avr\cores\arduino\wcharacter.h(35): error C2059: syntax error: ';'
c:\program files (x86)\arduino\hardware\arduino\avr\cores\arduino\wcharacter.h(35): error C2059: syntax error: '<parameter-list>'
c:\program files (x86)\arduino\hardware\arduino\avr\cores\arduino\wcharacter.h(36): error C2061: syntax error: identifier 'isSpace'
c:\program files (x86)\arduino\hardware\arduino\avr\cores\arduino\wcharacter.h(36): error C2059: syntax error: ';'
c:\program files (x86)\arduino\hardware\arduino\avr\cores\arduino\wcharacter.h(36): error C2059: syntax error: '<parameter-list>'
c:\program files (x86)\arduino\hardware\arduino\avr\cores\arduino\wcharacter.h(37): error C2061: syntax error: identifier 'isUpperCase'
c:\program files (x86)\arduino\hardware\arduino\avr\cores\arduino\wcharacter.h(37): error C2059: syntax error: ';'
c:\program files (x86)\arduino\hardware\arduino\avr\cores\arduino\wcharacter.h(37): error C2059: syntax error: '<parameter-list>'
c:\program files (x86)\arduino\hardware\arduino\avr\cores\arduino\wcharacter.h(38): error C2061: syntax error: identifier 'isHexadecimalDigit'
c:\program files (x86)\arduino\hardware\arduino\avr\cores\arduino\wcharacter.h(38): error C2059: syntax error: ';'
c:\program files (x86)\arduino\hardware\arduino\avr\cores\arduino\wcharacter.h(38): error C2059: syntax error: '<parameter-list>'
c:\program files (x86)\arduino\hardware\arduino\avr\cores\arduino\wcharacter.h(46): error C2061: syntax error: identifier 'isAlphaNumeric'
c:\program files (x86)\arduino\hardware\arduino\avr\cores\arduino\wcharacter.h(46): error C2059: syntax error: ';'
c:\program files (x86)\arduino\hardware\arduino\avr\cores\arduino\wcharacter.h(46): error C2059: syntax error: '<parameter-list>'
c:\program files (x86)\arduino\hardware\arduino\avr\cores\arduino\wcharacter.h(54): error C2061: syntax error: identifier 'isAlpha'
c:\program files (x86)\arduino\hardware\arduino\avr\cores\arduino\wcharacter.h(54): error C2059: syntax error: ';'
c:\program files (x86)\arduino\hardware\arduino\avr\cores\arduino\wcharacter.h(54): error C2059: syntax error: '<parameter-list>'
c:\program files (x86)\arduino\hardware\arduino\avr\cores\arduino\wcharacter.h(62): error C2061: syntax error: identifier 'isAscii'
c:\program files (x86)\arduino\hardware\arduino\avr\cores\arduino\wcharacter.h(62): error C2059: syntax error: ';'
c:\program files (x86)\arduino\hardware\arduino\avr\cores\arduino\wcharacter.h(62): error C2059: syntax error: '<parameter-list>'
c:\program files (x86)\arduino\hardware\arduino\avr\cores\arduino\wcharacter.h(69): error C2061: syntax error: identifier 'isWhitespace'
c:\program files (x86)\arduino\hardware\arduino\avr\cores\arduino\wcharacter.h(69): error C2059: syntax error: ';'
c:\program files (x86)\arduino\hardware\arduino\avr\cores\arduino\wcharacter.h(69): error C2059: syntax error: '<parameter-list>'
c:\program files (x86)\arduino\hardware\arduino\avr\cores\arduino\wcharacter.h(76): error C2061: syntax error: identifier 'isControl'
c:\program files (x86)\arduino\hardware\arduino\avr\cores\arduino\wcharacter.h(76): error C2059: syntax error: ';'
c:\program files (x86)\arduino\hardware\arduino\avr\cores\arduino\wcharacter.h(76): error C2059: syntax error: '<parameter-list>'
c:\program files (x86)\arduino\hardware\arduino\avr\cores\arduino\wcharacter.h(83): error C2061: syntax error: identifier 'isDigit'
c:\program files (x86)\arduino\hardware\arduino\avr\cores\arduino\wcharacter.h(83): error C2059: syntax error: ';'
c:\program files (x86)\arduino\hardware\arduino\avr\cores\arduino\wcharacter.h(83): error C2059: syntax error: '<parameter-list>'
c:\program files (x86)\arduino\hardware\arduino\avr\cores\arduino\wcharacter.h(90): error C2061: syntax error: identifier 'isGraph'
c:\program files (x86)\arduino\hardware\arduino\avr\cores\arduino\wcharacter.h(90): error C2059: syntax error: ';'
c:\program files (x86)\arduino\hardware\arduino\avr\cores\arduino\wcharacter.h(90): error C2059: syntax error: '<parameter-list>'
c:\program files (x86)\arduino\hardware\arduino\avr\cores\arduino\wcharacter.h(97): error C2061: syntax error: identifier 'isLowerCase'
c:\program files (x86)\arduino\hardware\arduino\avr\cores\arduino\wcharacter.h(97): error C2059: syntax error: ';'
c:\program files (x86)\arduino\hardware\arduino\avr\cores\arduino\wcharacter.h(97): error C2059: syntax error: '<parameter-list>'
c:\program files (x86)\arduino\hardware\arduino\avr\cores\arduino\wcharacter.h(104): error C2061: syntax error: identifier 'isPrintable'
c:\program files (x86)\arduino\hardware\arduino\avr\cores\arduino\wcharacter.h(104): error C2059: syntax error: ';'
c:\program files (x86)\arduino\hardware\arduino\avr\cores\arduino\wcharacter.h(104): error C2059: syntax error: '<parameter-list>'
c:\program files (x86)\arduino\hardware\arduino\avr\cores\arduino\wcharacter.h(112): error C2061: syntax error: identifier 'isPunct'
c:\program files (x86)\arduino\hardware\arduino\avr\cores\arduino\wcharacter.h(112): error C2059: syntax error: ';'
c:\program files (x86)\arduino\hardware\arduino\avr\cores\arduino\wcharacter.h(112): error C2059: syntax error: '<parameter-list>'
c:\program files (x86)\arduino\hardware\arduino\avr\cores\arduino\wcharacter.h(121): error C2061: syntax error: identifier 'isSpace'
c:\program files (x86)\arduino\hardware\arduino\avr\cores\arduino\wcharacter.h(121): error C2059: syntax error: ';'
c:\program files (x86)\arduino\hardware\arduino\avr\cores\arduino\wcharacter.h(121): error C2059: syntax error: '<parameter-list>'
c:\program files (x86)\arduino\hardware\arduino\avr\cores\arduino\wcharacter.h(128): error C2061: syntax error: identifier 'isUpperCase'
c:\program files (x86)\arduino\hardware\arduino\avr\cores\arduino\wcharacter.h(128): error C2059: syntax error: ';'
c:\program files (x86)\arduino\hardware\arduino\avr\cores\arduino\wcharacter.h(128): error C2059: syntax error: '<parameter-list>'
c:\program files (x86)\arduino\hardware\arduino\avr\cores\arduino\wcharacter.h(136): error C2061: syntax error: identifier 'isHexadecimalDigit'
c:\program files (x86)\arduino\hardware\arduino\avr\cores\arduino\wcharacter.h(136): error C2059: syntax error: ';'
c:\program files (x86)\arduino\hardware\arduino\avr\cores\arduino\wcharacter.h(136): error C2059: syntax error: '<parameter-list>'
c:\program files (x86)\arduino\hardware\arduino\avr\cores\arduino\wcharacter.h(146): warning C4013: 'toascii' undefined; assuming extern returning int
c:\program files (x86)\arduino\hardware\arduino\avr\cores\arduino\wcharacter.h(158): warning C4013: 'tolower' undefined; assuming extern returning int
c:\program files (x86)\arduino\hardware\arduino\avr\cores\arduino\wcharacter.h(165): warning C4013: 'toupper' undefined; assuming extern returning int
c:\program files (x86)\arduino\hardware\arduino\avr\cores\arduino\wstring.h(37): error C2061: syntax error: identifier '__FlashStringHelper'
c:\program files (x86)\arduino\hardware\arduino\avr\cores\arduino\wstring.h(37): error C2059: syntax error: ';'
c:\program files (x86)\arduino\hardware\arduino\avr\cores\arduino\wstring.h(42): error C2061: syntax error: identifier 'StringSumHelper'
c:\program files (x86)\arduino\hardware\arduino\avr\cores\arduino\wstring.h(42): error C2059: syntax error: ';'
c:\program files (x86)\arduino\hardware\arduino\avr\cores\arduino\wstring.h(45): error C2061: syntax error: identifier 'String'
c:\program files (x86)\arduino\hardware\arduino\avr\cores\arduino\wstring.h(45): error C2059: syntax error: ';'
c:\program files (x86)\arduino\hardware\arduino\avr\cores\arduino\wstring.h(46): error C2449: found '{' at file scope (missing function header?)
c:\program files (x86)\arduino\hardware\arduino\avr\cores\arduino\wstring.h(211): error C2059: syntax error: '}'
c:\program files (x86)\microsoft visual studio 14.0\vc\include\stdarg.h(13): error C2059: syntax error: 'string'
c:\program files (x86)\arduino\hardware\tools\avr\avr\include\stdio.h(399): error C2059: syntax error: 'string'
c:\program files (x86)\arduino\hardware\tools\avr\avr\include\stdio.h(399): fatal error C1003: error count exceeds 100; stopping compilation
